Using pre-set license
Built from '2020.3/staging' branch; Version is '2020.3.32f1 (12f8b0834f07) revision 1243312'; Using compiler version '192528614'; Build Type 'Release'
OS: 'Windows 10  (10.0.19044) 64bit Professional' Language: 'pt' Physical Memory: 8123 MB
BatchMode: 1, IsHumanControllingUs: 0, StartBugReporterOnCrash: 0, Is64bit: 1, IsPro: 0

COMMAND LINE ARGUMENTS:
C:\Program Files\Unity\Hub\Editor\2020.3.32f1\Editor\Unity.exe
-adb2
-batchMode
-noUpm
-name
AssetImportWorker0
-projectPath
C:/Users/Consultorio 1/Desktop/ShaderBandeiras/ShaderBandeiras
-logFile
Logs/AssetImportWorker0.log
-srvPort
64353
Successfully changed project path to: C:/Users/Consultorio 1/Desktop/ShaderBandeiras/ShaderBandeiras
C:/Users/Consultorio 1/Desktop/ShaderBandeiras/ShaderBandeiras
Using Asset Import Pipeline V2.
Refreshing native plugins compatible for Editor in 51.26 ms, found 2 plugins.
Preloading 0 native plugins for Editor in 0.00 ms.
Initialize engine version: 2020.3.32f1 (12f8b0834f07)
[Subsystems] Discovering subsystems at path C:/Program Files/Unity/Hub/Editor/2020.3.32f1/Editor/Data/Resources/UnitySubsystems
[Subsystems] Discovering subsystems at path C:/Users/Consultorio 1/Desktop/ShaderBandeiras/ShaderBandeiras/Assets
GfxDevice: creating device client; threaded=0
Direct3D:
    Version:  Direct3D 11.0 [level 11.1]
    Renderer: NVIDIA GeForce GTX 1660 (ID=0x2184)
    Vendor:   
    VRAM:     5991 MB
    Driver:   31.0.15.1694
Initialize mono
Mono path[0] = 'C:/Program Files/Unity/Hub/Editor/2020.3.32f1/Editor/Data/Managed'
Mono path[1] = 'C:/Program Files/Unity/Hub/Editor/2020.3.32f1/Editor/Data/MonoBleedingEdge/lib/mono/unityjit'
Mono config path = 'C:/Program Files/Unity/Hub/Editor/2020.3.32f1/Editor/Data/MonoBleedingEdge/etc'
Using monoOptions --debugger-agent=transport=dt_socket,embedding=1,server=y,suspend=n,address=127.0.0.1:56816
Begin MonoManager ReloadAssembly
Registering precompiled unity dll's ...
Register platform support module: C:/Program Files/Unity/Hub/Editor/2020.3.32f1/Editor/Data/PlaybackEngines/WindowsStandaloneSupport/UnityEditor.WindowsStandalone.Extensions.dll
Registered in 0.002170 seconds.
Native extension for WindowsStandalone target not found
Refreshing native plugins compatible for Editor in 56.59 ms, found 2 plugins.
Preloading 0 native plugins for Editor in 0.00 ms.
Mono: successfully reloaded assembly
- Completed reload, in  0.614 seconds
Domain Reload Profiling:
	ReloadAssembly (614ms)
		BeginReloadAssembly (65ms)
			ExecutionOrderSort (0ms)
			DisableScriptedObjects (0ms)
			BackupInstance (0ms)
			ReleaseScriptingObjects (0ms)
			CreateAndSetChildDomain (1ms)
		EndReloadAssembly (472ms)
			LoadAssemblies (63ms)
			RebuildTransferFunctionScriptingTraits (0ms)
			SetupTypeCache (146ms)
			ReleaseScriptCaches (0ms)
			RebuildScriptCaches (28ms)
			SetupLoadedEditorAssemblies (187ms)
				LogAssemblyErrors (0ms)
				InitializePlatformSupportModulesInManaged (4ms)
				SetLoadedEditorAssemblies (0ms)
				RefreshPlugins (57ms)
				BeforeProcessingInitializeOnLoad (16ms)
				ProcessInitializeOnLoadAttributes (81ms)
				ProcessInitializeOnLoadMethodAttributes (28ms)
				AfterProcessingInitializeOnLoad (0ms)
				EditorAssembliesLoaded (0ms)
			ExecutionOrderSort2 (0ms)
			AwakeInstancesAfterBackupRestoration (0ms)
Platform modules already initialized, skipping
Registering precompiled user dll's ...
Registered in 0.003914 seconds.
Begin MonoManager ReloadAssembly
Native extension for WindowsStandalone target not found
Refreshing native plugins compatible for Editor in 53.55 ms, found 2 plugins.
Preloading 0 native plugins for Editor in 0.00 ms.
Mono: successfully reloaded assembly
- Completed reload, in  1.135 seconds
Domain Reload Profiling:
	ReloadAssembly (1136ms)
		BeginReloadAssembly (155ms)
			ExecutionOrderSort (0ms)
			DisableScriptedObjects (5ms)
			BackupInstance (0ms)
			ReleaseScriptingObjects (0ms)
			CreateAndSetChildDomain (16ms)
		EndReloadAssembly (915ms)
			LoadAssemblies (109ms)
			RebuildTransferFunctionScriptingTraits (0ms)
			SetupTypeCache (300ms)
			ReleaseScriptCaches (1ms)
			RebuildScriptCaches (46ms)
			SetupLoadedEditorAssemblies (350ms)
				LogAssemblyErrors (0ms)
				InitializePlatformSupportModulesInManaged (3ms)
				SetLoadedEditorAssemblies (0ms)
				RefreshPlugins (54ms)
				BeforeProcessingInitializeOnLoad (88ms)
				ProcessInitializeOnLoadAttributes (188ms)
				ProcessInitializeOnLoadMethodAttributes (9ms)
				AfterProcessingInitializeOnLoad (8ms)
				EditorAssembliesLoaded (0ms)
			ExecutionOrderSort2 (0ms)
			AwakeInstancesAfterBackupRestoration (7ms)
Platform modules already initialized, skipping
========================================================================
Worker process is ready to serve import requests
Launched and connected shader compiler UnityShaderCompiler.exe after 0.04 seconds
Refreshing native plugins compatible for Editor in 0.87 ms, found 2 plugins.
Preloading 0 native plugins for Editor in 0.00 ms.
Unloading 2822 Unused Serialized files (Serialized files now loaded: 0)
System memory in use before: 129.2 MB.
System memory in use after: 129.4 MB.

Unloading 17 unused Assets to reduce memory usage. Loaded Objects now: 3260.
Total: 3.300500 ms (FindLiveObjects: 0.218700 ms CreateObjectMapping: 0.075700 ms MarkObjects: 2.920000 ms  DeleteObjects: 0.084700 ms)

AssetImportParameters requested are different than current active one (requested -> active):
  custom:framework-win-MediaFoundation: 216162199b28c13a410421893ffa2e32 -> 
  custom:video-decoder-ogg-theora: a1e56fd34408186e4bbccfd4996cb3dc -> 
  custom:container-muxer-webm: aa71ff27fc2769a1b78a27578f13a17b -> 
  custom:container-demuxer-webm: 4f35f7cbe854078d1ac9338744f61a02 -> 
  custom:container-demuxer-ogg: 62fdf1f143b41e24485cea50d1cbac27 -> 
  custom:video-encoder-webm-vp8: eb34c28f22e8b96e1ab97ce403110664 -> 
  custom:video-decoder-webm-vp8: 9c59270c3fd7afecdb556c50c9e8de78 -> 
  custom:audio-decoder-ogg-vorbis: bf7c407c2cedff20999df2af8eb42d56 -> 
  custom:audio-encoder-webm-vorbis: bf7c407c2cedff20999df2af8eb42d56 -> 
========================================================================
Received Import Request.
  path: Assets/M_Lava.mat
  artifactKey: Guid(b6767eb8c7b84ee41986201688778850) Importer(815301076,1909f56bfc062723c751e8b465ee728b)
Start importing Assets/M_Lava.mat using Guid(b6767eb8c7b84ee41986201688778850) Importer(815301076,1909f56bfc062723c751e8b465ee728b)  -> (artifact id: 'b75e4908082882ef6f1110f69a346356') in 0.233720 seconds 
========================================================================
Received Import Request.
  Time since last request: 5.008910 seconds.
  path: Assets/Lava.shader
  artifactKey: Guid(adce4d17849923d49bf05dab4e2ad745) Importer(815301076,1909f56bfc062723c751e8b465ee728b)
Start importing Assets/Lava.shader using Guid(adce4d17849923d49bf05dab4e2ad745) Importer(815301076,1909f56bfc062723c751e8b465ee728b)  -> (artifact id: '2875fbe1bd4d4727e0ff5d8b69420360') in 0.011450 seconds 
========================================================================
Received Import Request.
  Time since last request: 49.769283 seconds.
  path: Assets/lavatext.jpg
  artifactKey: Guid(50cd825a3eb830949bbe789c07337aac) Importer(815301076,1909f56bfc062723c751e8b465ee728b)
Start importing Assets/lavatext.jpg using Guid(50cd825a3eb830949bbe789c07337aac) Importer(815301076,1909f56bfc062723c751e8b465ee728b)  -> (artifact id: '3ac2531f033d4b9d47c7c2541c1d13c2') in 0.048291 seconds 
========================================================================
Received Import Request.
  Time since last request: 6112.007082 seconds.
  path: Assets/Lava.shader
  artifactKey: Guid(adce4d17849923d49bf05dab4e2ad745) Importer(815301076,1909f56bfc062723c751e8b465ee728b)
Start importing Assets/Lava.shader using Guid(adce4d17849923d49bf05dab4e2ad745) Importer(815301076,1909f56bfc062723c751e8b465ee728b)  -> (artifact id: '4ba1b9784af37839e1578162a87a7ac9') in 0.007959 seconds 
========================================================================
Received Import Request.
  Time since last request: 74.027719 seconds.
  path: Assets/M_Lava.mat
  artifactKey: Guid(b6767eb8c7b84ee41986201688778850) Importer(815301076,1909f56bfc062723c751e8b465ee728b)
Start importing Assets/M_Lava.mat using Guid(b6767eb8c7b84ee41986201688778850) Importer(815301076,1909f56bfc062723c751e8b465ee728b)  -> (artifact id: '6e3f352b82a9773276dfc10ff75be3de') in 0.047345 seconds 
AssetImportWorkerClient::OnTransportError - code=2 error=End of file
